<?xml version="1.0" encoding="UTF-8"?>
<!-- Generated by org.testng.reporters.JUnitReportReporter -->
<testsuite skipped="0" hostname="DESKTOP-2I3TPA0" name="testcases.CreatePortfolio" tests="1" failures="0" timestamp="11 Sep 2022 13:05:20 GMT" time="27.320" errors="0">
  <testcase name="createPortfolio" time="27.320" classname="testcases.CreatePortfolio"/>
</testsuite> <!-- testcases.CreatePortfolio -->
