<?xml version="1.0" encoding="UTF-8"?>
<!-- Generated by org.testng.reporters.JUnitReportReporter -->
<testsuite skipped="0" hostname="DESKTOP-2I3TPA0" name="testcases.rediff.Session" tests="1" failures="0" timestamp="17 Oct 2022 02:05:23 GMT" time="46.408" errors="0">
  <testcase name="doLogin" time="46.408" classname="testcases.rediff.Session"/>
</testsuite> <!-- testcases.rediff.Session -->
