<?xml version="1.0" encoding="UTF-8"?>
<!-- Generated by org.testng.reporters.JUnitReportReporter -->
<testsuite skipped="0" hostname="DESKTOP-2I3TPA0" name="testcases.rediff.StockManagement" tests="1" failures="0" timestamp="12 Oct 2022 03:35:22 GMT" time="5.684" errors="0">
  <testcase name="addFreshStock" time="5.684" classname="testcases.rediff.StockManagement"/>
</testsuite> <!-- testcases.rediff.StockManagement -->
